[
  {
    "Timestamp": "2026-02-06 05:22:11",
    "Test Name": "Register - Valid registration",
    "Category": "Valid Registration",
    "HTTP Method": "POST",
    "Endpoint": "/api/user/register/",
    "Request Data": "{\"email\": \"valid@test.com\", \"user_name\": \"validuser\", \"password\": \"Pass123!\"}",
    "Expected Status": 201,
    "Actual Status": 201,
    "Response Body": "{'message': 'User registered successfully'}",
    "Test Result": "PASSED \u2705",
    "Error Message": "",
    "Execution Time (ms)": 236.03
  },
  {
    "Timestamp": "2026-02-06 05:22:11",
    "Test Name": "Register - Minimum password length",
    "Category": "Valid Registration",
    "HTTP Method": "POST",
    "Endpoint": "/api/user/register/",
    "Request Data": "{\"email\": \"test@example.com\", \"user_name\": \"user123\", \"password\": \"a\"}",
    "Expected Status": 201,
    "Actual Status": 201,
    "Response Body": "{'message': 'User registered successfully'}",
    "Test Result": "PASSED \u2705",
    "Error Message": "",
    "Execution Time (ms)": 142.38
  },
  {
    "Timestamp": "2026-02-06 05:22:11",
    "Test Name": "Register - Uppercase email",
    "Category": "Valid Registration",
    "HTTP Method": "POST",
    "Endpoint": "/api/user/register/",
    "Request Data": "{\"email\": \"UPPERCASE@TEST.COM\", \"user_name\": \"UPPERCASE\", \"password\": \"Pass123!\"}",
    "Expected Status": 201,
    "Actual Status": 201,
    "Response Body": "{'message': 'User registered successfully'}",
    "Test Result": "PASSED \u2705",
    "Error Message": "",
    "Execution Time (ms)": 142.98
  },
  {
    "Timestamp": "2026-02-06 05:22:11",
    "Test Name": "Register - Uppercase email",
    "Category": "Valid Registration",
    "HTTP Method": "POST",
    "Endpoint": "/api/user/register/",
    "Request Data": "{\"email\": \"UPPERCASE@TEST.COM\", \"user_name\": \"UPPERCASE\", \"password\": \"Pass123!\"}",
    "Expected Status": "ERROR",
    "Actual Status": "ERROR",
    "Response Body": "assert False\n +  where False = exists()\n +    where exists = <QuerySet []>.exists\n +      where <QuerySet []> = filter(email='UPPERCASE@TEST.COM')\n +        where filter = <UserApp.models.UserManager object at 0x7fc2cd40e9f0>.filter\n +          where <UserApp.models.UserManager object at 0x7fc2cd40e9f0> = User.objects",
    "Test Result": "FAILED \u274c",
    "Error Message": "Traceback (most recent call last):\n  File \"/home/meritech/ManasStudy/motionx/services/django-auth/tests/test_user_apis.py\", line 162, in test_valid_registration\n    assert User.objects.filter(email=test_data['email']).exists()\nAssertionError: assert False\n +  where False = exists()\n +    where exists = <QuerySet []>.exists\n +      where <QuerySet []> = filter(email='UPPERCASE@TEST.COM')\n +        where filter = <UserApp.models.UserManager object at 0x7fc2cd40e9f0>.filter\n +          where <UserApp.models.UserManager object at 0x7fc2cd40e9f0> = User.objects\n",
    "Execution Time (ms)": 143.59
  },
  {
    "Timestamp": "2026-02-06 05:22:11",
    "Test Name": "Register - Special characters in email",
    "Category": "Valid Registration",
    "HTTP Method": "POST",
    "Endpoint": "/api/user/register/",
    "Request Data": "{\"email\": \"special+chars@test.com\", \"user_name\": \"special_user-123\", \"password\": \"Pass123!\"}",
    "Expected Status": 201,
    "Actual Status": 201,
    "Response Body": "{'message': 'User registered successfully'}",
    "Test Result": "PASSED \u2705",
    "Error Message": "",
    "Execution Time (ms)": 145.27
  },
  {
    "Timestamp": "2026-02-06 05:22:11",
    "Test Name": "Register - Missing password field",
    "Category": "Invalid Registration",
    "HTTP Method": "POST",
    "Endpoint": "/api/user/register/",
    "Request Data": "{\"email\": \"test@test.com\", \"user_name\": \"user\"}",
    "Expected Status": 400,
    "Actual Status": 400,
    "Response Body": "{'error': 'Email and password are required'}",
    "Test Result": "PASSED \u2705",
    "Error Message": "",
    "Execution Time (ms)": 1.09
  },
  {
    "Timestamp": "2026-02-06 05:22:11",
    "Test Name": "Register - Missing user_name field",
    "Category": "Invalid Registration",
    "HTTP Method": "POST",
    "Endpoint": "/api/user/register/",
    "Request Data": "{\"email\": \"test@test.com\", \"password\": \"Pass123!\"}",
    "Expected Status": 400,
    "Actual Status": 201,
    "Response Body": "{'message': 'User registered successfully'}",
    "Test Result": "FAILED \u274c",
    "Error Message": "",
    "Execution Time (ms)": 145.41
  },
  {
    "Timestamp": "2026-02-06 05:22:11",
    "Test Name": "Register - Missing user_name field",
    "Category": "Invalid Registration",
    "HTTP Method": "POST",
    "Endpoint": "/api/user/register/",
    "Request Data": "{\"email\": \"test@test.com\", \"password\": \"Pass123!\"}",
    "Expected Status": "ERROR",
    "Actual Status": "ERROR",
    "Response Body": "Expected 400, got 201\nassert False",
    "Test Result": "FAILED \u274c",
    "Error Message": "Traceback (most recent call last):\n  File \"/home/meritech/ManasStudy/motionx/services/django-auth/tests/test_user_apis.py\", line 269, in test_invalid_registration\n    assert passed, f\"Expected {expected_status}, got {response.status_code}\"\nAssertionError: Expected 400, got 201\nassert False\n",
    "Execution Time (ms)": 145.49
  },
  {
    "Timestamp": "2026-02-06 05:22:11",
    "Test Name": "Register - Missing email field",
    "Category": "Invalid Registration",
    "HTTP Method": "POST",
    "Endpoint": "/api/user/register/",
    "Request Data": "{\"user_name\": \"testuser\", \"password\": \"Pass123!\"}",
    "Expected Status": 400,
    "Actual Status": 400,
    "Response Body": "{'error': 'Email and password are required'}",
    "Test Result": "PASSED \u2705",
    "Error Message": "",
    "Execution Time (ms)": 0.93
  },
  {
    "Timestamp": "2026-02-06 05:22:11",
    "Test Name": "Register - All fields missing",
    "Category": "Invalid Registration",
    "HTTP Method": "POST",
    "Endpoint": "/api/user/register/",
    "Request Data": "ERROR",
    "Expected Status": 400,
    "Actual Status": 400,
    "Response Body": "{'error': 'Email and password are required'}",
    "Test Result": "PASSED \u2705",
    "Error Message": "",
    "Execution Time (ms)": 0.61
  },
  {
    "Timestamp": "2026-02-06 05:22:11",
    "Test Name": "Register - Empty email",
    "Category": "Invalid Registration",
    "HTTP Method": "POST",
    "Endpoint": "/api/user/register/",
    "Request Data": "{\"email\": \"\", \"user_name\": \"user\", \"password\": \"Pass123!\"}",
    "Expected Status": 400,
    "Actual Status": 400,
    "Response Body": "{'error': 'Email and password are required'}",
    "Test Result": "PASSED \u2705",
    "Error Message": "",
    "Execution Time (ms)": 0.6
  },
  {
    "Timestamp": "2026-02-06 05:22:12",
    "Test Name": "Register - Empty user_name",
    "Category": "Invalid Registration",
    "HTTP Method": "POST",
    "Endpoint": "/api/user/register/",
    "Request Data": "{\"email\": \"test@test.com\", \"user_name\": \"\", \"password\": \"Pass123!\"}",
    "Expected Status": 400,
    "Actual Status": 201,
    "Response Body": "{'message': 'User registered successfully'}",
    "Test Result": "FAILED \u274c",
    "Error Message": "",
    "Execution Time (ms)": 143.57
  },
  {
    "Timestamp": "2026-02-06 05:22:12",
    "Test Name": "Register - Empty user_name",
    "Category": "Invalid Registration",
    "HTTP Method": "POST",
    "Endpoint": "/api/user/register/",
    "Request Data": "{\"email\": \"test@test.com\", \"user_name\": \"\", \"password\": \"Pass123!\"}",
    "Expected Status": "ERROR",
    "Actual Status": "ERROR",
    "Response Body": "Expected 400, got 201\nassert False",
    "Test Result": "FAILED \u274c",
    "Error Message": "Traceback (most recent call last):\n  File \"/home/meritech/ManasStudy/motionx/services/django-auth/tests/test_user_apis.py\", line 269, in test_invalid_registration\n    assert passed, f\"Expected {expected_status}, got {response.status_code}\"\nAssertionError: Expected 400, got 201\nassert False\n",
    "Execution Time (ms)": 143.69
  },
  {
    "Timestamp": "2026-02-06 05:22:12",
    "Test Name": "Register - Empty password",
    "Category": "Invalid Registration",
    "HTTP Method": "POST",
    "Endpoint": "/api/user/register/",
    "Request Data": "{\"email\": \"test@test.com\", \"user_name\": \"user\", \"password\": \"\"}",
    "Expected Status": 400,
    "Actual Status": 400,
    "Response Body": "{'error': 'Email and password are required'}",
    "Test Result": "PASSED \u2705",
    "Error Message": "",
    "Execution Time (ms)": 0.86
  },
  {
    "Timestamp": "2026-02-06 05:22:12",
    "Test Name": "Register - Null email",
    "Category": "Invalid Registration",
    "HTTP Method": "POST",
    "Endpoint": "/api/user/register/",
    "Request Data": "{\"email\": null, \"user_name\": \"user\", \"password\": \"Pass123!\"}",
    "Expected Status": 400,
    "Actual Status": 400,
    "Response Body": "{'error': 'Email and password are required'}",
    "Test Result": "PASSED \u2705",
    "Error Message": "",
    "Execution Time (ms)": 0.61
  },
  {
    "Timestamp": "2026-02-06 05:22:12",
    "Test Name": "Register - Null user_name",
    "Category": "Invalid Registration",
    "HTTP Method": "POST",
    "Endpoint": "/api/user/register/",
    "Request Data": "{\"email\": \"test@test.com\", \"user_name\": null, \"password\": \"Pass123!\"}",
    "Expected Status": 400,
    "Actual Status": 201,
    "Response Body": "{'message': 'User registered successfully'}",
    "Test Result": "FAILED \u274c",
    "Error Message": "",
    "Execution Time (ms)": 143.84
  },
  {
    "Timestamp": "2026-02-06 05:22:12",
    "Test Name": "Register - Null user_name",
    "Category": "Invalid Registration",
    "HTTP Method": "POST",
    "Endpoint": "/api/user/register/",
    "Request Data": "{\"email\": \"test@test.com\", \"user_name\": null, \"password\": \"Pass123!\"}",
    "Expected Status": "ERROR",
    "Actual Status": "ERROR",
    "Response Body": "Expected 400, got 201\nassert False",
    "Test Result": "FAILED \u274c",
    "Error Message": "Traceback (most recent call last):\n  File \"/home/meritech/ManasStudy/motionx/services/django-auth/tests/test_user_apis.py\", line 269, in test_invalid_registration\n    assert passed, f\"Expected {expected_status}, got {response.status_code}\"\nAssertionError: Expected 400, got 201\nassert False\n",
    "Execution Time (ms)": 143.92
  },
  {
    "Timestamp": "2026-02-06 05:22:12",
    "Test Name": "Register - Null password",
    "Category": "Invalid Registration",
    "HTTP Method": "POST",
    "Endpoint": "/api/user/register/",
    "Request Data": "{\"email\": \"test@test.com\", \"user_name\": \"user\", \"password\": null}",
    "Expected Status": 400,
    "Actual Status": 400,
    "Response Body": "{'error': 'Email and password are required'}",
    "Test Result": "PASSED \u2705",
    "Error Message": "",
    "Execution Time (ms)": 0.72
  },
  {
    "Timestamp": "2026-02-06 05:22:12",
    "Test Name": "Register Edge - Minimum length values",
    "Category": "Edge Cases",
    "HTTP Method": "POST",
    "Endpoint": "/api/user/register/",
    "Request Data": "{\"email\": \"a@b.c\", \"user_name\": \"a\", \"password\": \"x\"}",
    "Expected Status": "200/201/400/500",
    "Actual Status": 201,
    "Response Body": "{'message': 'User registered successfully'}",
    "Test Result": "PASSED \u2705",
    "Error Message": "",
    "Execution Time (ms)": 143.7
  },
  {
    "Timestamp": "2026-02-06 05:22:12",
    "Test Name": "Register Edge - Maximum length values",
    "Category": "Edge Cases",
    "HTTP Method": "POST",
    "Endpoint": "/api/user/register/",
    "Request Data": "{\"email\": \"xxxxxxxxxxxxxxxxxxxxxxxxxxxxxxxxxxxxxxxxxxxxxxxxxxxxxxxxxxxxxxxxxxxxxxxxxxxxxxxxxxxxxxxxxxxxxxxxxxxx@test.com\", \"user_name\": \"xxxxxxxxxxxxxxxxxxxxxxxxxxxxxxxxxxxxxxxxxxxxxxxxxxxxxxxxxxxxxxxxxxxxxxxxxxxxxxxxxxxxxxxxxxxxxxxxxxxxxxxxxxxxxxxxxxxxxxxxxxxxxxxxxxxxxxxxxxxxxxxxxxxxxx\", \"password\": \"xxxxxxxxxxxxxxxxxxxxxxxxxxxxxxxxxxxxxxxxxxxxxxxxxxxxxxxxxxxxxxxxxxxxxxxxxxxxxxxxxxxxxxxxxxxxxxxxxxxxxxxxxxxxxxxxxxxxxxxxxxxxxxxxxxxxxxxxxxxxxxxxxxxxxxxxxxxxxxxxxxxxxxxxxxxxxxxxxxxxxxxxxxxxxxxxxxxxxxxx\"}",
    "Expected Status": "200/201/400/500",
    "Actual Status": 201,
    "Response Body": "{'message': 'User registered successfully'}",
    "Test Result": "PASSED \u2705",
    "Error Message": "",
    "Execution Time (ms)": 142.2
  },
  {
    "Timestamp": "2026-02-06 05:22:12",
    "Test Name": "Register Edge - SQL injection in password",
    "Category": "Edge Cases",
    "HTTP Method": "POST",
    "Endpoint": "/api/user/register/",
    "Request Data": "{\"email\": \"test@test.com\", \"user_name\": \"user123\", \"password\": \"' OR '1'='1\"}",
    "Expected Status": "200/201/400/500",
    "Actual Status": 201,
    "Response Body": "{'message': 'User registered successfully'}",
    "Test Result": "PASSED \u2705",
    "Error Message": "",
    "Execution Time (ms)": 142.45
  },
  {
    "Timestamp": "2026-02-06 05:22:12",
    "Test Name": "Register Edge - SQL injection in email",
    "Category": "Edge Cases",
    "HTTP Method": "POST",
    "Endpoint": "/api/user/register/",
    "Request Data": "{\"email\": \"test@test.com'; DROP TABLE users;--\", \"user_name\": \"user\", \"password\": \"Pass123!\"}",
    "Expected Status": "200/201/400/500",
    "Actual Status": 201,
    "Response Body": "{'message': 'User registered successfully'}",
    "Test Result": "PASSED \u2705",
    "Error Message": "",
    "Execution Time (ms)": 142.47
  },
  {
    "Timestamp": "2026-02-06 05:22:12",
    "Test Name": "Register Edge - SQL injection in user_name",
    "Category": "Edge Cases",
    "HTTP Method": "POST",
    "Endpoint": "/api/user/register/",
    "Request Data": "{\"email\": \"test@test.com\", \"user_name\": \"'; DROP TABLE users;--\", \"password\": \"Pass123!\"}",
    "Expected Status": "200/201/400/500",
    "Actual Status": 201,
    "Response Body": "{'message': 'User registered successfully'}",
    "Test Result": "PASSED \u2705",
    "Error Message": "",
    "Execution Time (ms)": 142.31
  },
  {
    "Timestamp": "2026-02-06 05:22:13",
    "Test Name": "Register Edge - XSS in email",
    "Category": "Edge Cases",
    "HTTP Method": "POST",
    "Endpoint": "/api/user/register/",
    "Request Data": "{\"email\": \"<script>alert('xss')</script>@test.com\", \"user_name\": \"user\", \"password\": \"Pass123!\"}",
    "Expected Status": "200/201/400/500",
    "Actual Status": 201,
    "Response Body": "{'message': 'User registered successfully'}",
    "Test Result": "PASSED \u2705",
    "Error Message": "",
    "Execution Time (ms)": 143.33
  },
  {
    "Timestamp": "2026-02-06 05:22:13",
    "Test Name": "Register Edge - XSS in user_name",
    "Category": "Edge Cases",
    "HTTP Method": "POST",
    "Endpoint": "/api/user/register/",
    "Request Data": "{\"email\": \"test@test.com\", \"user_name\": \"<script>alert('xss')</script>\", \"password\": \"Pass123!\"}",
    "Expected Status": "200/201/400/500",
    "Actual Status": 201,
    "Response Body": "{'message': 'User registered successfully'}",
    "Test Result": "PASSED \u2705",
    "Error Message": "",
    "Execution Time (ms)": 143.3
  },
  {
    "Timestamp": "2026-02-06 05:22:13",
    "Test Name": "Register Edge - Path traversal in user_name",
    "Category": "Edge Cases",
    "HTTP Method": "POST",
    "Endpoint": "/api/user/register/",
    "Request Data": "{\"email\": \"test@test.com\", \"user_name\": \"../../../etc/passwd\", \"password\": \"Pass123!\"}",
    "Expected Status": "200/201/400/500",
    "Actual Status": 201,
    "Response Body": "{'message': 'User registered successfully'}",
    "Test Result": "PASSED \u2705",
    "Error Message": "",
    "Execution Time (ms)": 156.34
  },
  {
    "Timestamp": "2026-02-06 05:22:13",
    "Test Name": "Register Edge - Unicode/Emoji characters",
    "Category": "Edge Cases",
    "HTTP Method": "POST",
    "Endpoint": "/api/user/register/",
    "Request Data": "{\"email\": \"test\\ud83d\\ude80emoji@test.com\", \"user_name\": \"user\\ud83c\\udf89\", \"password\": \"Pass123!\\ud83d\\ude00\"}",
    "Expected Status": "200/201/400/500",
    "Actual Status": 201,
    "Response Body": "{'message': 'User registered successfully'}",
    "Test Result": "PASSED \u2705",
    "Error Message": "",
    "Execution Time (ms)": 156.18
  },
  {
    "Timestamp": "2026-02-06 05:22:13",
    "Test Name": "Register Edge - Newline characters",
    "Category": "Edge Cases",
    "HTTP Method": "POST",
    "Endpoint": "/api/user/register/",
    "Request Data": "{\"email\": \"test@test.com\\n\\r\", \"user_name\": \"user\\n\\r\", \"password\": \"Pass\\n\\r123!\"}",
    "Expected Status": "200/201/400/500",
    "Actual Status": 201,
    "Response Body": "{'message': 'User registered successfully'}",
    "Test Result": "PASSED \u2705",
    "Error Message": "",
    "Execution Time (ms)": 173.76
  },
  {
    "Timestamp": "2026-02-06 05:22:13",
    "Test Name": "Register Edge - Whitespace padding",
    "Category": "Edge Cases",
    "HTTP Method": "POST",
    "Endpoint": "/api/user/register/",
    "Request Data": "{\"email\": \"   test@test.com   \", \"user_name\": \"   user   \", \"password\": \"   Pass123!   \"}",
    "Expected Status": "200/201/400/500",
    "Actual Status": 201,
    "Response Body": "{'message': 'User registered successfully'}",
    "Test Result": "PASSED \u2705",
    "Error Message": "",
    "Execution Time (ms)": 148.22
  },
  {
    "Timestamp": "2026-02-06 05:22:14",
    "Test Name": "Register - Duplicate email",
    "Category": "Duplicate Registration",
    "HTTP Method": "POST",
    "Endpoint": "/api/user/register/",
    "Request Data": "{\"email\": \"duplicate@test.com\", \"user_name\": \"user2\", \"password\": \"Pass123!\"}",
    "Expected Status": 500,
    "Actual Status": 400,
    "Response Body": "{'error': 'Email already exists'}",
    "Test Result": "FAILED \u274c",
    "Error Message": "",
    "Execution Time (ms)": 144.14
  },
  {
    "Timestamp": "2026-02-06 05:22:14",
    "Test Name": "Register - Duplicate email",
    "Category": "Duplicate Registration",
    "HTTP Method": "POST",
    "Endpoint": "/api/user/register/",
    "Request Data": "{\"email\": \"duplicate@test.com\", \"user_name\": \"user2\", \"password\": \"Pass123!\"}",
    "Expected Status": "ERROR",
    "Actual Status": "ERROR",
    "Response Body": "Expected 500, got 400\nassert False",
    "Test Result": "FAILED \u274c",
    "Error Message": "Traceback (most recent call last):\n  File \"/home/meritech/ManasStudy/motionx/services/django-auth/tests/test_user_apis.py\", line 375, in test_duplicate_email_registration\n    assert passed, f\"Expected 500, got {response.status_code}\"\nAssertionError: Expected 500, got 400\nassert False\n",
    "Execution Time (ms)": 144.22
  },
  {
    "Timestamp": "2026-02-06 05:22:14",
    "Test Name": "Login - Valid credentials",
    "Category": "Valid Login",
    "HTTP Method": "POST",
    "Endpoint": "/api/user/login/",
    "Request Data": "{\"email\": \"login@test.com\", \"password\": \"Pass123!\"}",
    "Expected Status": 200,
    "Actual Status": 200,
    "Response Body": "{'message': {'refresh': 'eyJhbGciOiJIUzI1NiIsInR5cCI6IkpXVCJ9.eyJ0b2tlbl90eXBlIjoicmVmcmVzaCIsImV4cCI6MTc3MDQ0MTczNCwiaWF0IjoxNzcwMzU1MzM0LCJqdGkiOiI5MjJhMGVmYzUwMTg0MjE4OWFhNjliNzhhODU2N2YwNCIsInVzZXJfaWQiOiIxIn0.aYEenAz64f58MnLb6o496szkg9FDJTwROBco49dzXAw', 'access': 'eyJhbGciOiJIUzI1NiIsInR5cCI6IkpXVCJ9.eyJ0b2tlbl90eXBlIjoiYWNjZXNzIiwiZXhwIjoxNzcwMzU1NjM0LCJpYXQiOjE3NzAzNTUzMzQsImp0aSI6IjVjYWY4MzZiNTQ2YzQyMThiYjVlMWY4ZWZkZmZjYThmIiwidXNlcl9pZCI6IjEifQ.ekxJkURL7Gxyj05K8VIJhfKrGzQ0rxYdtnutdUPsB",
    "Test Result": "PASSED \u2705",
    "Error Message": "",
    "Execution Time (ms)": 309.33
  },
  {
    "Timestamp": "2026-02-06 05:22:14",
    "Test Name": "Login - Non-existent email",
    "Category": "Invalid Login",
    "HTTP Method": "POST",
    "Endpoint": "/api/user/login/",
    "Request Data": "{\"email\": \"wrong@test.com\", \"password\": \"Pass123!\"}",
    "Expected Status": 500,
    "Actual Status": 500,
    "Response Body": "{'error': \"'NoneType' object has no attribute 'id'\"}",
    "Test Result": "PASSED \u2705",
    "Error Message": "",
    "Execution Time (ms)": 1.05
  },
  {
    "Timestamp": "2026-02-06 05:22:14",
    "Test Name": "Login - Empty email",
    "Category": "Invalid Login",
    "HTTP Method": "POST",
    "Endpoint": "/api/user/login/",
    "Request Data": "{\"email\": \"\", \"password\": \"Pass123!\"}",
    "Expected Status": 400,
    "Actual Status": 400,
    "Response Body": "{'error': 'Email and password are required'}",
    "Test Result": "PASSED \u2705",
    "Error Message": "",
    "Execution Time (ms)": 0.58
  },
  {
    "Timestamp": "2026-02-06 05:22:14",
    "Test Name": "Login - Empty password",
    "Category": "Invalid Login",
    "HTTP Method": "POST",
    "Endpoint": "/api/user/login/",
    "Request Data": "{\"email\": \"test@test.com\", \"password\": \"\"}",
    "Expected Status": 400,
    "Actual Status": 400,
    "Response Body": "{'error': 'Email and password are required'}",
    "Test Result": "PASSED \u2705",
    "Error Message": "",
    "Execution Time (ms)": 143.15
  },
  {
    "Timestamp": "2026-02-06 05:22:14",
    "Test Name": "Login - Missing email",
    "Category": "Invalid Login",
    "HTTP Method": "POST",
    "Endpoint": "/api/user/login/",
    "Request Data": "{\"password\": \"Pass123!\"}",
    "Expected Status": 400,
    "Actual Status": 400,
    "Response Body": "{'error': 'Email and password are required'}",
    "Test Result": "PASSED \u2705",
    "Error Message": "",
    "Execution Time (ms)": 0.6
  },
  {
    "Timestamp": "2026-02-06 05:22:14",
    "Test Name": "Login - Missing password",
    "Category": "Invalid Login",
    "HTTP Method": "POST",
    "Endpoint": "/api/user/login/",
    "Request Data": "{\"email\": \"test@test.com\"}",
    "Expected Status": 400,
    "Actual Status": 400,
    "Response Body": "{'error': 'Email and password are required'}",
    "Test Result": "PASSED \u2705",
    "Error Message": "",
    "Execution Time (ms)": 142.56
  },
  {
    "Timestamp": "2026-02-06 05:22:14",
    "Test Name": "Login - All fields missing",
    "Category": "Invalid Login",
    "HTTP Method": "POST",
    "Endpoint": "/api/user/login/",
    "Request Data": "ERROR",
    "Expected Status": 400,
    "Actual Status": 400,
    "Response Body": "{'error': 'Email and password are required'}",
    "Test Result": "PASSED \u2705",
    "Error Message": "",
    "Execution Time (ms)": 0.63
  },
  {
    "Timestamp": "2026-02-06 05:22:14",
    "Test Name": "Login - Null email",
    "Category": "Invalid Login",
    "HTTP Method": "POST",
    "Endpoint": "/api/user/login/",
    "Request Data": "{\"email\": null, \"password\": \"Pass123!\"}",
    "Expected Status": 400,
    "Actual Status": 400,
    "Response Body": "{'error': 'Email and password are required'}",
    "Test Result": "PASSED \u2705",
    "Error Message": "",
    "Execution Time (ms)": 0.56
  },
  {
    "Timestamp": "2026-02-06 05:22:14",
    "Test Name": "Login - Null password",
    "Category": "Invalid Login",
    "HTTP Method": "POST",
    "Endpoint": "/api/user/login/",
    "Request Data": "{\"email\": \"test@test.com\", \"password\": null}",
    "Expected Status": 400,
    "Actual Status": 400,
    "Response Body": "{'error': 'Email and password are required'}",
    "Test Result": "PASSED \u2705",
    "Error Message": "",
    "Execution Time (ms)": 142.83
  },
  {
    "Timestamp": "2026-02-06 05:22:15",
    "Test Name": "Login - Wrong password",
    "Category": "Invalid Login",
    "HTTP Method": "POST",
    "Endpoint": "/api/user/login/",
    "Request Data": "{\"email\": \"test@test.com\", \"password\": \"WrongPass123!\"}",
    "Expected Status": 400,
    "Actual Status": 401,
    "Response Body": "{'error': 'Invalid email or password'}",
    "Test Result": "FAILED \u274c",
    "Error Message": "",
    "Execution Time (ms)": 283.27
  },
  {
    "Timestamp": "2026-02-06 05:22:15",
    "Test Name": "Login - Wrong password",
    "Category": "Invalid Login",
    "HTTP Method": "POST",
    "Endpoint": "/api/user/login/",
    "Request Data": "{\"email\": \"test@test.com\", \"password\": \"WrongPass123!\"}",
    "Expected Status": "ERROR",
    "Actual Status": "ERROR",
    "Response Body": "assert False",
    "Test Result": "FAILED \u274c",
    "Error Message": "Traceback (most recent call last):\n  File \"/home/meritech/ManasStudy/motionx/services/django-auth/tests/test_user_apis.py\", line 554, in test_wrong_password_login\n    assert passed\nAssertionError: assert False\n",
    "Execution Time (ms)": 283.35
  },
  {
    "Timestamp": "2026-02-06 05:22:15",
    "Test Name": "Login Edge - SQL injection in email",
    "Category": "Edge Cases",
    "HTTP Method": "POST",
    "Endpoint": "/api/user/login/",
    "Request Data": "{\"email\": \"test@test.com'; DROP TABLE users;--\", \"password\": \"Pass123!\"}",
    "Expected Status": "200/400/500",
    "Actual Status": 500,
    "Response Body": "{'error': \"'NoneType' object has no attribute 'id'\"}",
    "Test Result": "PASSED \u2705",
    "Error Message": "",
    "Execution Time (ms)": 144.39
  },
  {
    "Timestamp": "2026-02-06 05:22:15",
    "Test Name": "Login Edge - SQL injection in password",
    "Category": "Edge Cases",
    "HTTP Method": "POST",
    "Endpoint": "/api/user/login/",
    "Request Data": "{\"email\": \"test@test.com\", \"password\": \"' OR '1'='1\"}",
    "Expected Status": "200/400/500",
    "Actual Status": 401,
    "Response Body": "{'error': 'Invalid email or password'}",
    "Test Result": "FAILED \u274c",
    "Error Message": "",
    "Execution Time (ms)": 278.29
  },
  {
    "Timestamp": "2026-02-06 05:22:15",
    "Test Name": "Login Edge - SQL injection in password",
    "Category": "Edge Cases",
    "HTTP Method": "POST",
    "Endpoint": "/api/user/login/",
    "Request Data": "{\"email\": \"test@test.com\", \"password\": \"' OR '1'='1\"}",
    "Expected Status": "ERROR",
    "Actual Status": "ERROR",
    "Response Body": "assert False",
    "Test Result": "FAILED \u274c",
    "Error Message": "Traceback (most recent call last):\n  File \"/home/meritech/ManasStudy/motionx/services/django-auth/tests/test_user_apis.py\", line 606, in test_edge_cases_login\n    assert passed\nAssertionError: assert False\n",
    "Execution Time (ms)": 278.37
  },
  {
    "Timestamp": "2026-02-06 05:22:15",
    "Test Name": "Login Edge - Newline in email",
    "Category": "Edge Cases",
    "HTTP Method": "POST",
    "Endpoint": "/api/user/login/",
    "Request Data": "{\"email\": \"test@test.com\\n\\r\", \"password\": \"Pass123!\"}",
    "Expected Status": "200/400/500",
    "Actual Status": 500,
    "Response Body": "{'error': \"'NoneType' object has no attribute 'id'\"}",
    "Test Result": "PASSED \u2705",
    "Error Message": "",
    "Execution Time (ms)": 141.39
  },
  {
    "Timestamp": "2026-02-06 05:22:15",
    "Test Name": "Login Edge - Whitespace padding",
    "Category": "Edge Cases",
    "HTTP Method": "POST",
    "Endpoint": "/api/user/login/",
    "Request Data": "{\"email\": \"   test@test.com   \", \"password\": \"   Pass123!   \"}",
    "Expected Status": "200/400/500",
    "Actual Status": 500,
    "Response Body": "{'error': \"'NoneType' object has no attribute 'id'\"}",
    "Test Result": "PASSED \u2705",
    "Error Message": "",
    "Execution Time (ms)": 141.09
  },
  {
    "Timestamp": "2026-02-06 05:22:15",
    "Test Name": "User Info - Authenticated",
    "Category": "Valid Access",
    "HTTP Method": "GET",
    "Endpoint": "/api/user/profile/",
    "Request Data": "{\"Authorization\": \"Bearer <token>\"}",
    "Expected Status": 200,
    "Actual Status": 200,
    "Response Body": "{'email': 'test@example.com', 'first_name': '', 'last_name': '', 'last_login': None}",
    "Test Result": "PASSED \u2705",
    "Error Message": "",
    "Execution Time (ms)": 1.37
  },
  {
    "Timestamp": "2026-02-06 05:22:15",
    "Test Name": "User Info - Authenticated",
    "Category": "Valid Access",
    "HTTP Method": "GET",
    "Endpoint": "/api/user/profile/",
    "Request Data": "{\"Authorization\": \"Bearer <token>\"}",
    "Expected Status": "ERROR",
    "Actual Status": "ERROR",
    "Response Body": "assert 'details' in {'email': 'test@example.com', 'first_name': '', 'last_name': '', 'last_login': None}\n +  where {'email': 'test@example.com', 'first_name': '', 'last_name': '', 'last_login': None} = functools.partial(<bound method ClientMixin._parse_json of <rest_framework.test.APIClient object at 0x7fc2a8316c90>>, <Response status_code=200, \"application/json\">)()\n +    where functools.partial(<bound method ClientMixin._parse_json of <rest_framework.test.APIClient object at 0x7fc2a8316c90>>, ",
    "Test Result": "FAILED \u274c",
    "Error Message": "Traceback (most recent call last):\n  File \"/home/meritech/ManasStudy/motionx/services/django-auth/tests/test_user_apis.py\", line 660, in test_get_user_info_authenticated\n    assert 'details' in response.json()\nAssertionError: assert 'details' in {'email': 'test@example.com', 'first_name': '', 'last_name': '', 'last_login': None}\n +  where {'email': 'test@example.com', 'first_name': '', 'last_name': '', 'last_login': None} = functools.partial(<bound method ClientMixin._parse_json of <rest_framework.test.APIClient object at 0x7fc2a8316c90>>, <Response status_code=200, \"application/json\">)()\n +    where functools.partial(<bound method ClientMixin._parse_json of <rest_framework.test.APIClient object at 0x7fc2a8316c90>>, <Response status_code=200, \"application/json\">) = <Response status_code=200, \"application/json\">.json\n",
    "Execution Time (ms)": 1.47
  },
  {
    "Timestamp": "2026-02-06 05:22:15",
    "Test Name": "User Info - No token",
    "Category": "Unauthorized Access",
    "HTTP Method": "GET",
    "Endpoint": "/api/user/profile/",
    "Request Data": "ERROR",
    "Expected Status": 401,
    "Actual Status": 401,
    "Response Body": "{'detail': 'Authentication credentials were not provided.'}",
    "Test Result": "PASSED \u2705",
    "Error Message": "",
    "Execution Time (ms)": 0.62
  },
  {
    "Timestamp": "2026-02-06 05:22:15",
    "Test Name": "User Info - Empty token",
    "Category": "Unauthorized Access",
    "HTTP Method": "GET",
    "Endpoint": "/api/user/profile/",
    "Request Data": "{\"Authorization\": \"\"}",
    "Expected Status": 401,
    "Actual Status": 401,
    "Response Body": "{'detail': 'Authentication credentials were not provided.'}",
    "Test Result": "PASSED \u2705",
    "Error Message": "",
    "Execution Time (ms)": 0.52
  },
  {
    "Timestamp": "2026-02-06 05:22:15",
    "Test Name": "User Info - Invalid token",
    "Category": "Unauthorized Access",
    "HTTP Method": "GET",
    "Endpoint": "/api/user/profile/",
    "Request Data": "{\"Authorization\": \"invalid_token\"}",
    "Expected Status": 401,
    "Actual Status": 401,
    "Response Body": "{'detail': 'Authentication credentials were not provided.'}",
    "Test Result": "PASSED \u2705",
    "Error Message": "",
    "Execution Time (ms)": 0.49
  },
  {
    "Timestamp": "2026-02-06 05:22:15",
    "Test Name": "User Info - Invalid Bearer token",
    "Category": "Unauthorized Access",
    "HTTP Method": "GET",
    "Endpoint": "/api/user/profile/",
    "Request Data": "{\"Authorization\": \"Bearer invalid_token\"}",
    "Expected Status": 401,
    "Actual Status": 401,
    "Response Body": "{'detail': 'Given token not valid for any token type', 'code': 'token_not_valid', 'messages': [{'token_class': 'AccessToken', 'token_type': 'access', 'message': 'Token is invalid'}]}",
    "Test Result": "PASSED \u2705",
    "Error Message": "",
    "Execution Time (ms)": 1.42
  },
  {
    "Timestamp": "2026-02-06 05:22:15",
    "Test Name": "User Info - Malformed JWT",
    "Category": "Unauthorized Access",
    "HTTP Method": "GET",
    "Endpoint": "/api/user/profile/",
    "Request Data": "{\"Authorization\": \"xxx.yyy.zzz\"}",
    "Expected Status": 401,
    "Actual Status": 401,
    "Response Body": "{'detail': 'Authentication credentials were not provided.'}",
    "Test Result": "PASSED \u2705",
    "Error Message": "",
    "Execution Time (ms)": 0.58
  },
  {
    "Timestamp": "2026-02-06 05:22:16",
    "Test Name": "Logout - Valid token",
    "Category": "Valid Logout",
    "HTTP Method": "POST",
    "Endpoint": "/api/user/logout/",
    "Request Data": "{\"refresh\": \"eyJhbGciOiJIUzI1NiIsInR5cCI6IkpXVCJ9.eyJ0b2tlbl90eXBlIjoicmVmcmVzaCIsImV4cCI6MTc3MDQ0MTczNiwiaWF0IjoxNzcwMzU1MzM2LCJqdGkiOiI2MDlhYjY2OTljMWM0M2I0YjhhMjg2MjkzNTRlNGI3ZiIsInVzZXJfaWQiOiIxIn0.G7EJZoEzKCQacBByhbLR48maQDtkOlGOlwuRA7NNghc\"}",
    "Expected Status": 200,
    "Actual Status": 205,
    "Response Body": "{'message': 'User logged out successfully'}",
    "Test Result": "FAILED \u274c",
    "Error Message": "",
    "Execution Time (ms)": 3.17
  },
  {
    "Timestamp": "2026-02-06 05:22:16",
    "Test Name": "Logout - Valid token",
    "Category": "Valid Logout",
    "HTTP Method": "POST",
    "Endpoint": "/api/user/logout/",
    "Request Data": "{\"refresh\": \"eyJhbGciOiJIUzI1NiIsInR5cCI6IkpXVCJ9.eyJ0b2tlbl90eXBlIjoicmVmcmVzaCIsImV4cCI6MTc3MDQ0MTczNiwiaWF0IjoxNzcwMzU1MzM2LCJqdGkiOiI2MDlhYjY2OTljMWM0M2I0YjhhMjg2MjkzNTRlNGI3ZiIsInVzZXJfaWQiOiIxIn0.G7EJZoEzKCQacBByhbLR48maQDtkOlGOlwuRA7NNghc\"}",
    "Expected Status": "ERROR",
    "Actual Status": "ERROR",
    "Response Body": "assert False",
    "Test Result": "FAILED \u274c",
    "Error Message": "Traceback (most recent call last):\n  File \"/home/meritech/ManasStudy/motionx/services/django-auth/tests/test_user_apis.py\", line 807, in test_valid_logout\n    assert passed\nAssertionError: assert False\n",
    "Execution Time (ms)": 3.23
  },
  {
    "Timestamp": "2026-02-06 05:22:16",
    "Test Name": "Logout - Missing refresh token",
    "Category": "Invalid Logout",
    "HTTP Method": "POST",
    "Endpoint": "/api/user/logout/",
    "Request Data": "ERROR",
    "Expected Status": 500,
    "Actual Status": 205,
    "Response Body": "{'message': 'User logged out successfully'}",
    "Test Result": "FAILED \u274c",
    "Error Message": "",
    "Execution Time (ms)": 2.19
  },
  {
    "Timestamp": "2026-02-06 05:22:16",
    "Test Name": "Logout - Missing refresh token",
    "Category": "Invalid Logout",
    "HTTP Method": "POST",
    "Endpoint": "/api/user/logout/",
    "Request Data": "ERROR",
    "Expected Status": "ERROR",
    "Actual Status": "ERROR",
    "Response Body": "assert False",
    "Test Result": "FAILED \u274c",
    "Error Message": "Traceback (most recent call last):\n  File \"/home/meritech/ManasStudy/motionx/services/django-auth/tests/test_user_apis.py\", line 859, in test_invalid_logout\n    assert passed\nAssertionError: assert False\n",
    "Execution Time (ms)": 2.24
  },
  {
    "Timestamp": "2026-02-06 05:22:16",
    "Test Name": "Logout - Empty refresh token",
    "Category": "Invalid Logout",
    "HTTP Method": "POST",
    "Endpoint": "/api/user/logout/",
    "Request Data": "{\"refresh\": \"\"}",
    "Expected Status": 500,
    "Actual Status": 400,
    "Response Body": "{'error': 'Token is invalid'}",
    "Test Result": "FAILED \u274c",
    "Error Message": "",
    "Execution Time (ms)": 1.26
  },
  {
    "Timestamp": "2026-02-06 05:22:16",
    "Test Name": "Logout - Empty refresh token",
    "Category": "Invalid Logout",
    "HTTP Method": "POST",
    "Endpoint": "/api/user/logout/",
    "Request Data": "{\"refresh\": \"\"}",
    "Expected Status": "ERROR",
    "Actual Status": "ERROR",
    "Response Body": "assert False",
    "Test Result": "FAILED \u274c",
    "Error Message": "Traceback (most recent call last):\n  File \"/home/meritech/ManasStudy/motionx/services/django-auth/tests/test_user_apis.py\", line 859, in test_invalid_logout\n    assert passed\nAssertionError: assert False\n",
    "Execution Time (ms)": 1.31
  },
  {
    "Timestamp": "2026-02-06 05:22:16",
    "Test Name": "Logout - Null refresh token",
    "Category": "Invalid Logout",
    "HTTP Method": "POST",
    "Endpoint": "/api/user/logout/",
    "Request Data": "{\"refresh\": null}",
    "Expected Status": 500,
    "Actual Status": 205,
    "Response Body": "{'message': 'User logged out successfully'}",
    "Test Result": "FAILED \u274c",
    "Error Message": "",
    "Execution Time (ms)": 2.15
  },
  {
    "Timestamp": "2026-02-06 05:22:16",
    "Test Name": "Logout - Null refresh token",
    "Category": "Invalid Logout",
    "HTTP Method": "POST",
    "Endpoint": "/api/user/logout/",
    "Request Data": "{\"refresh\": null}",
    "Expected Status": "ERROR",
    "Actual Status": "ERROR",
    "Response Body": "assert False",
    "Test Result": "FAILED \u274c",
    "Error Message": "Traceback (most recent call last):\n  File \"/home/meritech/ManasStudy/motionx/services/django-auth/tests/test_user_apis.py\", line 859, in test_invalid_logout\n    assert passed\nAssertionError: assert False\n",
    "Execution Time (ms)": 2.2
  },
  {
    "Timestamp": "2026-02-06 05:22:16",
    "Test Name": "Logout - Invalid refresh token",
    "Category": "Invalid Logout",
    "HTTP Method": "POST",
    "Endpoint": "/api/user/logout/",
    "Request Data": "{\"refresh\": \"invalid_token\"}",
    "Expected Status": 500,
    "Actual Status": 400,
    "Response Body": "{'error': 'Token is invalid'}",
    "Test Result": "FAILED \u274c",
    "Error Message": "",
    "Execution Time (ms)": 1.16
  },
  {
    "Timestamp": "2026-02-06 05:22:16",
    "Test Name": "Logout - Invalid refresh token",
    "Category": "Invalid Logout",
    "HTTP Method": "POST",
    "Endpoint": "/api/user/logout/",
    "Request Data": "{\"refresh\": \"invalid_token\"}",
    "Expected Status": "ERROR",
    "Actual Status": "ERROR",
    "Response Body": "assert False",
    "Test Result": "FAILED \u274c",
    "Error Message": "Traceback (most recent call last):\n  File \"/home/meritech/ManasStudy/motionx/services/django-auth/tests/test_user_apis.py\", line 859, in test_invalid_logout\n    assert passed\nAssertionError: assert False\n",
    "Execution Time (ms)": 1.22
  },
  {
    "Timestamp": "2026-02-06 05:22:16",
    "Test Name": "Logout - Malformed JWT",
    "Category": "Invalid Logout",
    "HTTP Method": "POST",
    "Endpoint": "/api/user/logout/",
    "Request Data": "{\"refresh\": \"xxx.yyy.zzz\"}",
    "Expected Status": 500,
    "Actual Status": 400,
    "Response Body": "{'error': 'Token is invalid'}",
    "Test Result": "FAILED \u274c",
    "Error Message": "",
    "Execution Time (ms)": 1.29
  },
  {
    "Timestamp": "2026-02-06 05:22:16",
    "Test Name": "Logout - Malformed JWT",
    "Category": "Invalid Logout",
    "HTTP Method": "POST",
    "Endpoint": "/api/user/logout/",
    "Request Data": "{\"refresh\": \"xxx.yyy.zzz\"}",
    "Expected Status": "ERROR",
    "Actual Status": "ERROR",
    "Response Body": "assert False",
    "Test Result": "FAILED \u274c",
    "Error Message": "Traceback (most recent call last):\n  File \"/home/meritech/ManasStudy/motionx/services/django-auth/tests/test_user_apis.py\", line 859, in test_invalid_logout\n    assert passed\nAssertionError: assert False\n",
    "Execution Time (ms)": 1.35
  },
  {
    "Timestamp": "2026-02-06 05:22:16",
    "Test Name": "Logout - No authentication",
    "Category": "Unauthorized Access",
    "HTTP Method": "POST",
    "Endpoint": "/api/user/logout/",
    "Request Data": "{\"refresh\": \"some_token\"}",
    "Expected Status": 401,
    "Actual Status": 401,
    "Response Body": "{'detail': 'Authentication credentials were not provided.'}",
    "Test Result": "PASSED \u2705",
    "Error Message": "",
    "Execution Time (ms)": 0.75
  },
  {
    "Timestamp": "2026-02-06 05:22:19",
    "Test Name": "Performance - Bulk registrations (20 users)",
    "Category": "Performance",
    "HTTP Method": "POST",
    "Endpoint": "/api/user/register/",
    "Request Data": "\"20 registration requests\"",
    "Expected Status": "ERROR",
    "Actual Status": "20 success, 0 failed",
    "Response Body": "Total: 2.91s, Avg: 145.59ms per request",
    "Test Result": "PASSED \u2705",
    "Error Message": "",
    "Execution Time (ms)": 2911.78
  },
  {
    "Timestamp": "2026-02-06 05:22:21",
    "Test Name": "Performance - Concurrent logins (10 attempts)",
    "Category": "Performance",
    "HTTP Method": "POST",
    "Endpoint": "/api/user/login/",
    "Request Data": "\"10 login requests\"",
    "Expected Status": "ERROR",
    "Actual Status": "10 success, 0 failed",
    "Response Body": "Total: 1.56s, Avg: 155.87ms per request",
    "Test Result": "PASSED \u2705",
    "Error Message": "",
    "Execution Time (ms)": 1558.74
  }
]